2019-08-09 22:24:29.780 [info] <0.43.0> Application lager started on node nonode@nohost
2019-08-09 22:24:29.781 [info] <0.43.0> Application jsx started on node nonode@nohost
2019-08-09 22:24:29.785 [info] <0.43.0> Application ranch started on node nonode@nohost
2019-08-09 22:24:29.786 [info] <0.43.0> Application recon started on node nonode@nohost
2019-08-09 22:24:29.786 [info] <0.43.0> Application rabbit_common started on node nonode@nohost
2019-08-09 22:24:29.792 [info] <0.43.0> Application amqp_client started on node nonode@nohost
2019-08-09 22:33:48.537 [info] <0.43.0> Application lager started on node nonode@nohost
2019-08-09 22:33:48.541 [info] <0.43.0> Application xmerl started on node nonode@nohost
2019-08-09 22:33:48.543 [info] <0.43.0> Application jsx started on node nonode@nohost
2019-08-09 22:33:48.546 [info] <0.43.0> Application ranch started on node nonode@nohost
2019-08-09 22:33:48.547 [info] <0.43.0> Application recon started on node nonode@nohost
2019-08-09 22:33:48.547 [info] <0.43.0> Application rabbit_common started on node nonode@nohost
2019-08-09 22:33:48.552 [info] <0.43.0> Application amqp_client started on node nonode@nohost
2019-08-09 22:33:48.552 [info] <0.43.0> Application amqp started on node nonode@nohost
2019-08-09 22:33:48.553 [info] <0.43.0> Application phoenix_html started on node nonode@nohost
2019-08-09 22:33:48.555 [info] <0.43.0> Application cowlib started on node nonode@nohost
2019-08-09 22:33:48.558 [info] <0.43.0> Application cowboy started on node nonode@nohost
2019-08-09 22:33:48.559 [info] <0.43.0> Application plug_cowboy started on node nonode@nohost
2019-08-09 22:33:48.560 [info] <0.43.0> Application file_system started on node nonode@nohost
2019-08-09 22:33:48.567 [info] <0.43.0> Application phoenix_live_reload started on node nonode@nohost
2019-08-09 22:33:48.999 [warning] <0.352.0> lager_error_logger_h dropped 103 messages in the last second that exceeded the limit of 50 messages/sec
2019-08-09 22:39:37.179 [info] <0.43.0> Application lager started on node nonode@nohost
2019-08-09 22:39:37.183 [info] <0.43.0> Application xmerl started on node nonode@nohost
2019-08-09 22:39:37.184 [info] <0.43.0> Application jsx started on node nonode@nohost
2019-08-09 22:39:37.187 [info] <0.43.0> Application ranch started on node nonode@nohost
2019-08-09 22:39:37.188 [info] <0.43.0> Application recon started on node nonode@nohost
2019-08-09 22:39:37.188 [info] <0.43.0> Application rabbit_common started on node nonode@nohost
2019-08-09 22:39:37.194 [info] <0.43.0> Application amqp_client started on node nonode@nohost
2019-08-09 22:39:37.194 [info] <0.43.0> Application amqp started on node nonode@nohost
2019-08-09 22:39:37.194 [info] <0.43.0> Application phoenix_html started on node nonode@nohost
2019-08-09 22:39:37.196 [info] <0.43.0> Application cowlib started on node nonode@nohost
2019-08-09 22:39:37.199 [info] <0.43.0> Application cowboy started on node nonode@nohost
2019-08-09 22:39:37.200 [info] <0.43.0> Application plug_cowboy started on node nonode@nohost
2019-08-09 22:39:37.201 [info] <0.43.0> Application file_system started on node nonode@nohost
2019-08-09 22:39:37.207 [info] <0.43.0> Application phoenix_live_reload started on node nonode@nohost
2019-08-09 22:39:38.000 [warning] <0.261.0> lager_error_logger_h dropped 103 messages in the last second that exceeded the limit of 50 messages/sec
2019-08-09 22:48:08.012 [info] <0.43.0> Application lager started on node nonode@nohost
2019-08-09 22:48:08.016 [info] <0.43.0> Application xmerl started on node nonode@nohost
2019-08-09 22:48:08.018 [info] <0.43.0> Application jsx started on node nonode@nohost
2019-08-09 22:48:08.021 [info] <0.43.0> Application ranch started on node nonode@nohost
2019-08-09 22:48:08.022 [info] <0.43.0> Application recon started on node nonode@nohost
2019-08-09 22:48:08.022 [info] <0.43.0> Application rabbit_common started on node nonode@nohost
2019-08-09 22:48:08.027 [info] <0.43.0> Application amqp_client started on node nonode@nohost
2019-08-09 22:48:08.027 [info] <0.43.0> Application amqp started on node nonode@nohost
2019-08-09 22:48:08.028 [info] <0.43.0> Application phoenix_html started on node nonode@nohost
2019-08-09 22:48:08.029 [info] <0.43.0> Application cowlib started on node nonode@nohost
2019-08-09 22:48:08.032 [info] <0.43.0> Application cowboy started on node nonode@nohost
2019-08-09 22:48:08.033 [info] <0.43.0> Application plug_cowboy started on node nonode@nohost
2019-08-09 22:48:08.035 [info] <0.43.0> Application file_system started on node nonode@nohost
2019-08-09 22:48:08.041 [info] <0.43.0> Application phoenix_live_reload started on node nonode@nohost
2019-08-09 22:48:08.999 [warning] <0.266.0> lager_error_logger_h dropped 103 messages in the last second that exceeded the limit of 50 messages/sec
2019-08-09 22:50:23.020 [info] <0.43.0> Application lager started on node nonode@nohost
2019-08-09 22:50:23.025 [info] <0.43.0> Application xmerl started on node nonode@nohost
2019-08-09 22:50:23.027 [info] <0.43.0> Application jsx started on node nonode@nohost
2019-08-09 22:50:23.030 [info] <0.43.0> Application ranch started on node nonode@nohost
2019-08-09 22:50:23.031 [info] <0.43.0> Application recon started on node nonode@nohost
2019-08-09 22:50:23.031 [info] <0.43.0> Application rabbit_common started on node nonode@nohost
2019-08-09 22:50:23.036 [info] <0.43.0> Application amqp_client started on node nonode@nohost
2019-08-09 22:50:23.036 [info] <0.43.0> Application amqp started on node nonode@nohost
2019-08-09 22:50:23.036 [info] <0.43.0> Application phoenix_html started on node nonode@nohost
2019-08-09 22:50:23.039 [info] <0.43.0> Application cowlib started on node nonode@nohost
2019-08-09 22:50:23.041 [info] <0.43.0> Application cowboy started on node nonode@nohost
2019-08-09 22:50:23.042 [info] <0.43.0> Application plug_cowboy started on node nonode@nohost
2019-08-09 22:50:23.044 [info] <0.43.0> Application file_system started on node nonode@nohost
2019-08-09 22:50:23.050 [info] <0.43.0> Application phoenix_live_reload started on node nonode@nohost
2019-08-09 22:50:23.999 [warning] <0.261.0> lager_error_logger_h dropped 103 messages in the last second that exceeded the limit of 50 messages/sec
2019-08-09 22:54:33.790 [info] <0.43.0> Application lager started on node nonode@nohost
2019-08-09 22:54:33.794 [info] <0.43.0> Application xmerl started on node nonode@nohost
2019-08-09 22:54:33.796 [info] <0.43.0> Application jsx started on node nonode@nohost
2019-08-09 22:54:33.799 [info] <0.43.0> Application ranch started on node nonode@nohost
2019-08-09 22:54:33.800 [info] <0.43.0> Application recon started on node nonode@nohost
2019-08-09 22:54:33.800 [info] <0.43.0> Application rabbit_common started on node nonode@nohost
2019-08-09 22:54:33.804 [info] <0.43.0> Application amqp_client started on node nonode@nohost
2019-08-09 22:54:33.805 [info] <0.43.0> Application amqp started on node nonode@nohost
2019-08-09 22:54:33.805 [info] <0.43.0> Application phoenix_html started on node nonode@nohost
2019-08-09 22:54:33.807 [info] <0.43.0> Application cowlib started on node nonode@nohost
2019-08-09 22:54:33.810 [info] <0.43.0> Application cowboy started on node nonode@nohost
2019-08-09 22:54:33.810 [info] <0.43.0> Application plug_cowboy started on node nonode@nohost
2019-08-09 22:54:33.812 [info] <0.43.0> Application file_system started on node nonode@nohost
2019-08-09 22:54:33.817 [info] <0.43.0> Application phoenix_live_reload started on node nonode@nohost
2019-08-09 22:54:34.000 [warning] <0.261.0> lager_error_logger_h dropped 103 messages in the last second that exceeded the limit of 50 messages/sec
2019-08-09 22:57:01.126 [info] <0.43.0> Application lager started on node nonode@nohost
2019-08-09 22:57:01.130 [info] <0.43.0> Application xmerl started on node nonode@nohost
2019-08-09 22:57:01.131 [info] <0.43.0> Application jsx started on node nonode@nohost
2019-08-09 22:57:01.135 [info] <0.43.0> Application ranch started on node nonode@nohost
2019-08-09 22:57:01.136 [info] <0.43.0> Application recon started on node nonode@nohost
2019-08-09 22:57:01.136 [info] <0.43.0> Application rabbit_common started on node nonode@nohost
2019-08-09 22:57:01.141 [info] <0.43.0> Application amqp_client started on node nonode@nohost
2019-08-09 22:57:01.141 [info] <0.43.0> Application amqp started on node nonode@nohost
2019-08-09 22:57:01.142 [info] <0.43.0> Application phoenix_html started on node nonode@nohost
2019-08-09 22:57:01.145 [info] <0.43.0> Application cowlib started on node nonode@nohost
2019-08-09 22:57:01.147 [info] <0.43.0> Application cowboy started on node nonode@nohost
2019-08-09 22:57:01.148 [info] <0.43.0> Application plug_cowboy started on node nonode@nohost
2019-08-09 22:57:01.150 [info] <0.43.0> Application file_system started on node nonode@nohost
2019-08-09 22:57:01.156 [info] <0.43.0> Application phoenix_live_reload started on node nonode@nohost
2019-08-09 22:57:02.000 [warning] <0.261.0> lager_error_logger_h dropped 103 messages in the last second that exceeded the limit of 50 messages/sec
2019-08-09 23:00:05.963 [info] <0.43.0> Application lager started on node nonode@nohost
2019-08-09 23:00:05.966 [info] <0.43.0> Application xmerl started on node nonode@nohost
2019-08-09 23:00:05.968 [info] <0.43.0> Application jsx started on node nonode@nohost
2019-08-09 23:00:05.972 [info] <0.43.0> Application ranch started on node nonode@nohost
2019-08-09 23:00:05.972 [info] <0.43.0> Application recon started on node nonode@nohost
2019-08-09 23:00:05.972 [info] <0.43.0> Application rabbit_common started on node nonode@nohost
2019-08-09 23:00:05.977 [info] <0.43.0> Application amqp_client started on node nonode@nohost
2019-08-09 23:00:05.977 [info] <0.43.0> Application amqp started on node nonode@nohost
2019-08-09 23:00:05.978 [info] <0.43.0> Application phoenix_html started on node nonode@nohost
2019-08-09 23:00:05.979 [info] <0.43.0> Application cowlib started on node nonode@nohost
2019-08-09 23:00:05.981 [info] <0.43.0> Application cowboy started on node nonode@nohost
2019-08-09 23:00:05.983 [info] <0.43.0> Application plug_cowboy started on node nonode@nohost
2019-08-09 23:00:05.984 [info] <0.43.0> Application file_system started on node nonode@nohost
2019-08-09 23:00:05.990 [info] <0.43.0> Application phoenix_live_reload started on node nonode@nohost
2019-08-09 23:00:06.999 [warning] <0.261.0> lager_error_logger_h dropped 103 messages in the last second that exceeded the limit of 50 messages/sec
2019-08-09 23:02:19.634 [info] <0.43.0> Application lager started on node nonode@nohost
2019-08-09 23:02:19.637 [info] <0.43.0> Application xmerl started on node nonode@nohost
2019-08-09 23:02:19.639 [info] <0.43.0> Application jsx started on node nonode@nohost
2019-08-09 23:02:19.642 [info] <0.43.0> Application ranch started on node nonode@nohost
2019-08-09 23:02:19.643 [info] <0.43.0> Application recon started on node nonode@nohost
2019-08-09 23:02:19.643 [info] <0.43.0> Application rabbit_common started on node nonode@nohost
2019-08-09 23:02:19.648 [info] <0.43.0> Application amqp_client started on node nonode@nohost
2019-08-09 23:02:19.648 [info] <0.43.0> Application amqp started on node nonode@nohost
2019-08-09 23:02:19.648 [info] <0.43.0> Application phoenix_html started on node nonode@nohost
2019-08-09 23:02:19.650 [info] <0.43.0> Application cowlib started on node nonode@nohost
2019-08-09 23:02:19.652 [info] <0.43.0> Application cowboy started on node nonode@nohost
2019-08-09 23:02:19.653 [info] <0.43.0> Application plug_cowboy started on node nonode@nohost
2019-08-09 23:02:19.655 [info] <0.43.0> Application file_system started on node nonode@nohost
2019-08-09 23:02:19.662 [info] <0.43.0> Application phoenix_live_reload started on node nonode@nohost
2019-08-09 23:02:20.000 [warning] <0.266.0> lager_error_logger_h dropped 103 messages in the last second that exceeded the limit of 50 messages/sec
2019-08-09 23:05:37.725 [info] <0.43.0> Application lager started on node nonode@nohost
2019-08-09 23:05:37.728 [info] <0.43.0> Application xmerl started on node nonode@nohost
2019-08-09 23:05:37.730 [info] <0.43.0> Application jsx started on node nonode@nohost
2019-08-09 23:05:37.734 [info] <0.43.0> Application ranch started on node nonode@nohost
2019-08-09 23:05:37.734 [info] <0.43.0> Application recon started on node nonode@nohost
2019-08-09 23:05:37.735 [info] <0.43.0> Application rabbit_common started on node nonode@nohost
2019-08-09 23:05:37.739 [info] <0.43.0> Application amqp_client started on node nonode@nohost
2019-08-09 23:05:37.739 [info] <0.43.0> Application amqp started on node nonode@nohost
2019-08-09 23:05:37.740 [info] <0.43.0> Application phoenix_html started on node nonode@nohost
2019-08-09 23:05:37.741 [info] <0.43.0> Application cowlib started on node nonode@nohost
2019-08-09 23:05:37.743 [info] <0.43.0> Application cowboy started on node nonode@nohost
2019-08-09 23:05:37.744 [info] <0.43.0> Application plug_cowboy started on node nonode@nohost
2019-08-09 23:05:37.746 [info] <0.43.0> Application file_system started on node nonode@nohost
2019-08-09 23:05:37.752 [info] <0.43.0> Application phoenix_live_reload started on node nonode@nohost
2019-08-09 23:05:38.000 [warning] <0.266.0> lager_error_logger_h dropped 103 messages in the last second that exceeded the limit of 50 messages/sec
2019-08-09 23:07:45.200 [info] <0.43.0> Application lager started on node nonode@nohost
2019-08-09 23:07:45.204 [info] <0.43.0> Application xmerl started on node nonode@nohost
2019-08-09 23:07:45.206 [info] <0.43.0> Application jsx started on node nonode@nohost
2019-08-09 23:07:45.208 [info] <0.43.0> Application ranch started on node nonode@nohost
2019-08-09 23:07:45.209 [info] <0.43.0> Application recon started on node nonode@nohost
2019-08-09 23:07:45.209 [info] <0.43.0> Application rabbit_common started on node nonode@nohost
2019-08-09 23:07:45.214 [info] <0.43.0> Application amqp_client started on node nonode@nohost
2019-08-09 23:07:45.214 [info] <0.43.0> Application amqp started on node nonode@nohost
2019-08-09 23:07:45.214 [info] <0.43.0> Application phoenix_html started on node nonode@nohost
2019-08-09 23:07:45.216 [info] <0.43.0> Application cowlib started on node nonode@nohost
2019-08-09 23:07:45.218 [info] <0.43.0> Application cowboy started on node nonode@nohost
2019-08-09 23:07:45.219 [info] <0.43.0> Application plug_cowboy started on node nonode@nohost
2019-08-09 23:07:45.221 [info] <0.43.0> Application file_system started on node nonode@nohost
2019-08-09 23:07:45.227 [info] <0.43.0> Application phoenix_live_reload started on node nonode@nohost
2019-08-09 23:07:45.999 [warning] <0.261.0> lager_error_logger_h dropped 103 messages in the last second that exceeded the limit of 50 messages/sec
2019-08-09 23:09:53.538 [info] <0.43.0> Application lager started on node nonode@nohost
2019-08-09 23:09:53.542 [info] <0.43.0> Application xmerl started on node nonode@nohost
2019-08-09 23:09:53.544 [info] <0.43.0> Application jsx started on node nonode@nohost
2019-08-09 23:09:53.547 [info] <0.43.0> Application ranch started on node nonode@nohost
2019-08-09 23:09:53.548 [info] <0.43.0> Application recon started on node nonode@nohost
2019-08-09 23:09:53.548 [info] <0.43.0> Application rabbit_common started on node nonode@nohost
2019-08-09 23:09:53.552 [info] <0.43.0> Application amqp_client started on node nonode@nohost
2019-08-09 23:09:53.552 [info] <0.43.0> Application amqp started on node nonode@nohost
2019-08-09 23:09:53.553 [info] <0.43.0> Application phoenix_html started on node nonode@nohost
2019-08-09 23:09:53.555 [info] <0.43.0> Application cowlib started on node nonode@nohost
2019-08-09 23:09:53.557 [info] <0.43.0> Application cowboy started on node nonode@nohost
2019-08-09 23:09:53.558 [info] <0.43.0> Application plug_cowboy started on node nonode@nohost
2019-08-09 23:09:53.560 [info] <0.43.0> Application file_system started on node nonode@nohost
2019-08-09 23:09:53.565 [info] <0.43.0> Application phoenix_live_reload started on node nonode@nohost
2019-08-09 23:09:54.000 [warning] <0.261.0> lager_error_logger_h dropped 103 messages in the last second that exceeded the limit of 50 messages/sec
2019-08-09 23:15:53.181 [info] <0.43.0> Application lager started on node nonode@nohost
2019-08-09 23:15:53.184 [info] <0.43.0> Application xmerl started on node nonode@nohost
2019-08-09 23:15:53.186 [info] <0.43.0> Application jsx started on node nonode@nohost
2019-08-09 23:15:53.189 [info] <0.43.0> Application ranch started on node nonode@nohost
2019-08-09 23:15:53.190 [info] <0.43.0> Application recon started on node nonode@nohost
2019-08-09 23:15:53.190 [info] <0.43.0> Application rabbit_common started on node nonode@nohost
2019-08-09 23:15:53.194 [info] <0.43.0> Application amqp_client started on node nonode@nohost
2019-08-09 23:15:53.194 [info] <0.43.0> Application amqp started on node nonode@nohost
2019-08-09 23:15:53.195 [info] <0.43.0> Application phoenix_html started on node nonode@nohost
2019-08-09 23:15:53.197 [info] <0.43.0> Application cowlib started on node nonode@nohost
2019-08-09 23:15:53.199 [info] <0.43.0> Application cowboy started on node nonode@nohost
2019-08-09 23:15:53.200 [info] <0.43.0> Application plug_cowboy started on node nonode@nohost
2019-08-09 23:15:53.202 [info] <0.43.0> Application file_system started on node nonode@nohost
2019-08-09 23:15:53.208 [info] <0.43.0> Application phoenix_live_reload started on node nonode@nohost
2019-08-09 23:15:54.000 [warning] <0.252.0> lager_error_logger_h dropped 103 messages in the last second that exceeded the limit of 50 messages/sec
2019-08-09 23:17:32.921 [info] <0.43.0> Application lager started on node nonode@nohost
2019-08-09 23:17:32.924 [info] <0.43.0> Application xmerl started on node nonode@nohost
2019-08-09 23:17:32.926 [info] <0.43.0> Application jsx started on node nonode@nohost
2019-08-09 23:17:32.929 [info] <0.43.0> Application ranch started on node nonode@nohost
2019-08-09 23:17:32.930 [info] <0.43.0> Application recon started on node nonode@nohost
2019-08-09 23:17:32.930 [info] <0.43.0> Application rabbit_common started on node nonode@nohost
2019-08-09 23:17:32.934 [info] <0.43.0> Application amqp_client started on node nonode@nohost
2019-08-09 23:17:32.934 [info] <0.43.0> Application amqp started on node nonode@nohost
2019-08-09 23:17:32.935 [info] <0.43.0> Application phoenix_html started on node nonode@nohost
2019-08-09 23:17:32.937 [info] <0.43.0> Application cowlib started on node nonode@nohost
2019-08-09 23:17:32.939 [info] <0.43.0> Application cowboy started on node nonode@nohost
2019-08-09 23:17:32.940 [info] <0.43.0> Application plug_cowboy started on node nonode@nohost
2019-08-09 23:17:32.942 [info] <0.43.0> Application file_system started on node nonode@nohost
2019-08-09 23:17:32.949 [info] <0.43.0> Application phoenix_live_reload started on node nonode@nohost
2019-08-09 23:17:33.001 [warning] <0.261.0> lager_error_logger_h dropped 100 messages in the last second that exceeded the limit of 50 messages/sec
2019-08-09 23:17:33.008 [info] <0.43.0> Application larson started on node nonode@nohost
2019-08-09 23:19:03.949 [info] <0.43.0> Application lager started on node nonode@nohost
2019-08-09 23:19:03.952 [info] <0.43.0> Application xmerl started on node nonode@nohost
2019-08-09 23:19:03.954 [info] <0.43.0> Application jsx started on node nonode@nohost
2019-08-09 23:19:03.957 [info] <0.43.0> Application ranch started on node nonode@nohost
2019-08-09 23:19:03.958 [info] <0.43.0> Application recon started on node nonode@nohost
2019-08-09 23:19:03.958 [info] <0.43.0> Application rabbit_common started on node nonode@nohost
2019-08-09 23:19:03.962 [info] <0.43.0> Application amqp_client started on node nonode@nohost
2019-08-09 23:19:03.962 [info] <0.43.0> Application amqp started on node nonode@nohost
2019-08-09 23:19:03.963 [info] <0.43.0> Application phoenix_html started on node nonode@nohost
2019-08-09 23:19:03.965 [info] <0.43.0> Application cowlib started on node nonode@nohost
2019-08-09 23:19:03.967 [info] <0.43.0> Application cowboy started on node nonode@nohost
2019-08-09 23:19:03.968 [info] <0.43.0> Application plug_cowboy started on node nonode@nohost
2019-08-09 23:19:03.970 [info] <0.43.0> Application file_system started on node nonode@nohost
2019-08-09 23:19:03.975 [info] <0.43.0> Application phoenix_live_reload started on node nonode@nohost
2019-08-09 23:19:05.000 [warning] <0.252.0> lager_error_logger_h dropped 103 messages in the last second that exceeded the limit of 50 messages/sec
2019-08-09 23:19:10.083 [warning] <0.447.0> 'Elixir.Phoenix.Channel.Server' <0.447.0> received unexpected message in handle_info/2: {basic_consume_ok,#{consumer_tag => <<"amq.ctag-vuu7YhKqyHZkQJguj0R40A">>}}
2019-08-09 23:19:20.136 [warning] <0.447.0> 'Elixir.Phoenix.Channel.Server' <0.447.0> received unexpected message in handle_info/2: {basic_consume_ok,#{consumer_tag => <<"amq.ctag-b6FVdye0KCmLIY05lmthwQ">>}}
2019-08-09 23:19:21.422 [warning] <0.447.0> 'Elixir.Phoenix.Channel.Server' <0.447.0> received unexpected message in handle_info/2: {basic_consume_ok,#{consumer_tag => <<"amq.ctag-kIcfcv1naClD6t5nIssrOA">>}}
2019-08-09 23:19:23.032 [warning] <0.252.0> lager_error_logger_h dropped 1 messages in the last second that exceeded the limit of 50 messages/sec
2019-08-09 23:19:24.513 [warning] <0.447.0> 'Elixir.Phoenix.Channel.Server' <0.447.0> received unexpected message in handle_info/2: {basic_consume_ok,#{consumer_tag => <<"amq.ctag-oJ39cByXwSJHxhm0VnJwsQ">>}}
2019-08-09 23:20:41.619 [info] <0.43.0> Application lager started on node nonode@nohost
2019-08-09 23:20:41.623 [info] <0.43.0> Application xmerl started on node nonode@nohost
2019-08-09 23:20:41.625 [info] <0.43.0> Application jsx started on node nonode@nohost
2019-08-09 23:20:41.628 [info] <0.43.0> Application ranch started on node nonode@nohost
2019-08-09 23:20:41.629 [info] <0.43.0> Application recon started on node nonode@nohost
2019-08-09 23:20:41.629 [info] <0.43.0> Application rabbit_common started on node nonode@nohost
2019-08-09 23:20:41.634 [info] <0.43.0> Application amqp_client started on node nonode@nohost
2019-08-09 23:20:41.634 [info] <0.43.0> Application amqp started on node nonode@nohost
2019-08-09 23:20:41.635 [info] <0.43.0> Application phoenix_html started on node nonode@nohost
2019-08-09 23:20:41.637 [info] <0.43.0> Application cowlib started on node nonode@nohost
2019-08-09 23:20:41.639 [info] <0.43.0> Application cowboy started on node nonode@nohost
2019-08-09 23:20:41.640 [info] <0.43.0> Application plug_cowboy started on node nonode@nohost
2019-08-09 23:20:41.642 [info] <0.43.0> Application file_system started on node nonode@nohost
2019-08-09 23:20:41.648 [info] <0.43.0> Application phoenix_live_reload started on node nonode@nohost
2019-08-09 23:20:41.999 [warning] <0.261.0> lager_error_logger_h dropped 103 messages in the last second that exceeded the limit of 50 messages/sec
2019-08-09 23:20:48.762 [warning] <0.460.0> 'Elixir.Phoenix.Channel.Server' <0.460.0> received unexpected message in handle_info/2: {basic_consume_ok,#{consumer_tag => <<"amq.ctag-rAn_f4rhD6KwLokijeVL4A">>}}
